<?xml version="1.0" encoding="UTF-8" ?>
<testsuite failures="0" time="0" errors="0" skipped="0" tests="1" name="com.air.practiceDesignPatterns.AppTest">
  <properties>
    <property name="java.runtime.name" value="Java(TM) SE Runtime Environment"/>
    <property name="sun.boot.library.path" value="C:\Program Files (x86)\Java\jdk1.6.0_16\jre\bin"/>
    <property name="java.vm.version" value="14.2-b01"/>
    <property name="java.vm.vendor" value="Sun Microsystems Inc."/>
    <property name="java.vendor.url" value="http://java.sun.com/"/>
    <property name="path.separator" value=";"/>
    <property name="guice.disable.misplaced.annotation.check" value="true"/>
    <property name="java.vm.name" value="Java HotSpot(TM) Client VM"/>
    <property name="file.encoding.pkg" value="sun.io"/>
    <property name="user.country" value="US"/>
    <property name="sun.java.launcher" value="SUN_STANDARD"/>
    <property name="sun.os.patch.level" value=""/>
    <property name="java.vm.specification.name" value="Java Virtual Machine Specification"/>
    <property name="user.dir" value="F:\aircode\java\practiceDesignPatterns"/>
    <property name="java.runtime.version" value="1.6.0_16-b01"/>
    <property name="java.awt.graphicsenv" value="sun.awt.Win32GraphicsEnvironment"/>
    <property name="java.endorsed.dirs" value="C:\Program Files (x86)\Java\jdk1.6.0_16\jre\lib\endorsed"/>
    <property name="os.arch" value="x86"/>
    <property name="java.io.tmpdir" value="C:\Users\AIR\AppData\Local\Temp\"/>
    <property name="line.separator" value="
"/>
    <property name="java.vm.specification.vendor" value="Sun Microsystems Inc."/>
    <property name="user.variant" value=""/>
    <property name="os.name" value="Windows 7"/>
    <property name="classworlds.conf" value="F:\MyMaven\tool\apache-maven-3.2.3/bin/m2.conf"/>
    <property name="sun.jnu.encoding" value="Cp1252"/>
    <property name="java.library.path" value="C:\Program Files (x86)\Java\jdk1.6.0_16\bin;.;C:\Windows\Sun\Java\bin;C:\Windows\system32;C:\Windows;C:\cygwin64\home\AIR\.gvm\vertx\current\bin;C:\cygwin64\home\AIR\.gvm\springboot\current\bin;C:\cygwin64\home\AIR\.gvm\lazybones\current\bin;C:\cygwin64\home\AIR\.gvm\jbake\current\bin;C:\cygwin64\home\AIR\.gvm\groovyserv\current\bin;C:\cygwin64\home\AIR\.gvm\groovy\current\bin;C:\cygwin64\home\AIR\.gvm\griffon\current\bin;C:\cygwin64\home\AIR\.gvm\grails\current\bin;C:\cygwin64\home\AIR\.gvm\gradle\current\bin;C:\cygwin64\home\AIR\.gvm\glide\current\bin;C:\cygwin64\home\AIR\.gvm\gaiden\current\bin;C:\cygwin64\home\AIR\.gvm\crash\current\bin;F:\oracle_10g_xe\installation\app\oracle\product\10.2.0\server\bin;C:\Program Files (x86)\Haskell\bin;E:\haskell\2014.2.0.0\lib\extralibs\bin;E:\haskell\2014.2.0.0\bin;C:\Perl\bin;C:\Users\AIR\oracle10g\bin;C:\Users\AIR\oracle10g\jre\1.4.2\bin\client;C:\Users\AIR\oracle10g\jre\1.4.2\bin;C:\Windows\system32;C:\Windows;C:\Windows\System32\Wbem;C:\Windows\System32\WindowsPowerShell\v1.0;C:\Program Files (x86)\Microsoft SQL Server\90\Tools\binn;C:\Program Files (x86)\Common Files\Autodesk Shared;C:\xampp\mysql\bin;C:\Program Files (x86)\Toshiba\Bluetooth Toshiba Stack\sys;C:\Program Files (x86)\Toshiba\Bluetooth Toshiba Stack\sys\x64;C:\Program Files (x86)\Java\jdk1.6.0_16\bin;C:\Program Files (x86)\QuickTime\QTSystem;C:\Program Files (x86)\Common Files\Ulead Systems\MPEG;G:\MatlabWorks\installed\bin;G:\MatlabWorks\installed\bin\win64;C:\trainSphinx\pocketsphinx\bin\Release;C:\Program Files (x86)\CodeBlocks\MinGW\bin;C:\sqlite3;C:\Python32;C:\Program Files (x86)\scala\bin;C:\jython2.5.3;C:\node.js;C:\cygwin64\bin;F:\AndroidKitkat\adt-bundle-windows-x86_64-20131030\sdk\platform-tools;C:\Program Files (x86)\Microsoft Visual Studio 10.0\VC\bin\amd64;G:\MyDBMS\SQLite;F:\AndroidKitkat\adt-bundle-windows-x86_64-20131030\sdk\tools;C:\Program Files\NetBeans 7.1\bin;C:\cygwin64\bin;E:\oracle_10g_xe;G:\MyAssemblyLang\nasm-2.11.05-win32\nasm-2.11.05;E:\haskell\2014.2.0.0\mingw\bin;E:\haskell\2014.2.0.0\bin;C:\cygwin64\bin;C:\MinGW\bin;G:\Newfolder2\ndk\android-ndk-r9;E:\git\Git\cmd;E:\gradle\gradle-1.12\bin;C:\Ruby193\bin;E:\git\Git\bin;E:\node_js;F:\MyGroovy\groovy-2.3.8\bin;G:\Ant\apache-ant-1.9.2\bin;F:\AndroidStudio\installed\sdk\platform-tools;F:\AndroidStudio\installed\sdk\tools;F:\MyMaven\tool\apache-maven-3.2.3\bin;G:\MyJavascript\tools\jsshell;C:\Ruby193\bin;C:\Users\AIR\AppData\Roaming\cabal\bin;C:\Users\AIR\AppData\Roaming\npm"/>
    <property name="java.specification.name" value="Java Platform API Specification"/>
    <property name="java.class.version" value="50.0"/>
    <property name="sun.management.compiler" value="HotSpot Client Compiler"/>
    <property name="os.version" value="6.1"/>
    <property name="user.home" value="C:\Users\AIR"/>
    <property name="user.timezone" value="Asia/Dhaka"/>
    <property name="java.awt.printerjob" value="sun.awt.windows.WPrinterJob"/>
    <property name="file.encoding" value="Cp1252"/>
    <property name="java.specification.version" value="1.6"/>
    <property name="user.name" value="AIR"/>
    <property name="java.class.path" value="F:\MyMaven\tool\apache-maven-3.2.3/boot/plexus-classworlds-2.5.1.jar"/>
    <property name="java.vm.specification.version" value="1.0"/>
    <property name="sun.arch.data.model" value="32"/>
    <property name="java.home" value="C:\Program Files (x86)\Java\jdk1.6.0_16\jre"/>
    <property name="java.specification.vendor" value="Sun Microsystems Inc."/>
    <property name="user.language" value="en"/>
    <property name="awt.toolkit" value="sun.awt.windows.WToolkit"/>
    <property name="java.vm.info" value="mixed mode, sharing"/>
    <property name="java.version" value="1.6.0_16"/>
    <property name="java.ext.dirs" value="C:\Program Files (x86)\Java\jdk1.6.0_16\jre\lib\ext;C:\Windows\Sun\Java\lib\ext"/>
    <property name="sun.boot.class.path" value="C:\Program Files (x86)\Java\jdk1.6.0_16\jre\lib\resources.jar;C:\Program Files (x86)\Java\jdk1.6.0_16\jre\lib\rt.jar;C:\Program Files (x86)\Java\jdk1.6.0_16\jre\lib\sunrsasign.jar;C:\Program Files (x86)\Java\jdk1.6.0_16\jre\lib\jsse.jar;C:\Program Files (x86)\Java\jdk1.6.0_16\jre\lib\jce.jar;C:\Program Files (x86)\Java\jdk1.6.0_16\jre\lib\charsets.jar;C:\Program Files (x86)\Java\jdk1.6.0_16\jre\classes"/>
    <property name="java.vendor" value="Sun Microsystems Inc."/>
    <property name="maven.home" value="F:\MyMaven\tool\apache-maven-3.2.3"/>
    <property name="file.separator" value="\"/>
    <property name="java.vendor.url.bug" value="http://java.sun.com/cgi-bin/bugreport.cgi"/>
    <property name="sun.cpu.endian" value="little"/>
    <property name="sun.io.unicode.encoding" value="UnicodeLittle"/>
    <property name="sun.desktop" value="windows"/>
    <property name="sun.cpu.isalist" value="pentium_pro+mmx pentium_pro pentium+mmx pentium i486 i386 i86"/>
  </properties>
  <testcase time="0" classname="com.air.practiceDesignPatterns.AppTest" name="testApp"/>
</testsuite>